<?xml version="1.0" encoding="UTF-8"?>
<robot generator="Robot 7.1.1 (Python 3.10.4 on darwin)" generated="2025-01-07T14:43:23.318529" rpa="false" schemaversion="5">
<suite id="s1" name="Saucedemo-Robot" source="/Users/crrmail/Documents/GitHub/saucedemo-robot">
<suite id="s1-s1" name="Testcases" source="/Users/crrmail/Documents/GitHub/saucedemo-robot/testcases">
<suite id="s1-s1-s1" name="Create Order Success" source="/Users/crrmail/Documents/GitHub/saucedemo-robot/testcases/create_order_success.robot">
<test id="s1-s1-s1-t1" name="Create Order Success" line="13">
<kw name="Open Browser" owner="SeleniumLibrary" type="SETUP">
<msg time="2025-01-07T14:43:23.392863" level="INFO">Opening browser 'chrome' to base url 'https://www.saucedemo.com/'.</msg>
<arg>${URL}</arg>
<arg>${BROWSER}</arg>
<doc>Opens a new browser instance to the optional ``url``.</doc>
<status status="PASS" start="2025-01-07T14:43:23.392641" elapsed="1.107031"/>
</kw>
<kw name="Input Text" owner="SeleniumLibrary">
<msg time="2025-01-07T14:43:24.500853" level="INFO">Typing text 'standard_user' into text field 'id:user-name'.</msg>
<arg>id:user-name</arg>
<arg>standard_user</arg>
<doc>Types the given ``text`` into the text field identified by ``locator``.</doc>
<status status="PASS" start="2025-01-07T14:43:24.500339" elapsed="0.103636"/>
</kw>
<kw name="Input Text" owner="SeleniumLibrary">
<msg time="2025-01-07T14:43:24.604435" level="INFO">Typing text 'secret_sauce' into text field 'id:password'.</msg>
<arg>id:password</arg>
<arg>secret_sauce</arg>
<doc>Types the given ``text`` into the text field identified by ``locator``.</doc>
<status status="PASS" start="2025-01-07T14:43:24.604216" elapsed="0.032883"/>
</kw>
<kw name="Click Button" owner="SeleniumLibrary">
<msg time="2025-01-07T14:43:24.637558" level="INFO">Clicking button 'id:login-button'.</msg>
<arg>id:login-button</arg>
<doc>Clicks the button identified by ``locator``.</doc>
<status status="PASS" start="2025-01-07T14:43:24.637334" elapsed="0.041236"/>
</kw>
<kw name="Set Variable" owner="BuiltIn">
<msg time="2025-01-07T14:43:24.679973" level="INFO">${products_page_url} = https://www.saucedemo.com/inventory.html</msg>
<var>${products_page_url}</var>
<arg>https://www.saucedemo.com/inventory.html</arg>
<doc>Returns the given values which can then be assigned to a variables.</doc>
<status status="PASS" start="2025-01-07T14:43:24.679347" elapsed="0.000776"/>
</kw>
<kw name="Verify Page">
<kw name="Get Location" owner="SeleniumLibrary">
<msg time="2025-01-07T14:43:24.684782" level="INFO">${current_url} = https://www.saucedemo.com/inventory.html</msg>
<var>${current_url}</var>
<doc>Returns the current browser window URL.</doc>
<status status="PASS" start="2025-01-07T14:43:24.681543" elapsed="0.003354"/>
</kw>
<kw name="Should Be Equal" owner="BuiltIn">
<arg>${current_url}</arg>
<arg>${expected_url}</arg>
<doc>Fails if the given objects are unequal.</doc>
<status status="PASS" start="2025-01-07T14:43:24.685049" elapsed="0.000342"/>
</kw>
<msg time="2025-01-07T14:43:24.685521" level="INFO">${expected_url} = None</msg>
<var>${expected_url}</var>
<arg>${products_page_url}</arg>
<status status="PASS" start="2025-01-07T14:43:24.680414" elapsed="0.005319"/>
</kw>
<kw name="Element Should Be Visible" owner="SeleniumLibrary">
<msg time="2025-01-07T14:43:24.696083" level="INFO">Element 'class:app_logo' is displayed.</msg>
<arg>class:app_logo</arg>
<doc>Verifies that the element identified by ``locator`` is visible.</doc>
<status status="PASS" start="2025-01-07T14:43:24.686055" elapsed="0.010167"/>
</kw>
<kw name="Element Should Contain" owner="SeleniumLibrary">
<msg time="2025-01-07T14:43:24.706774" level="INFO">Element 'xpath://*[@id="header_container"]/div[2]/span' contains text 'Products'.</msg>
<arg>xpath://*[@id="header_container"]/div[2]/span</arg>
<arg>Products</arg>
<doc>Verifies that element ``locator`` contains text ``expected``.</doc>
<status status="PASS" start="2025-01-07T14:43:24.696459" elapsed="0.010448"/>
</kw>
<kw name="Element Should Contain" owner="SeleniumLibrary">
<msg time="2025-01-07T14:43:24.719843" level="INFO">Element 'id:inventory_container' contains text 'Backpack'.</msg>
<arg>id:inventory_container</arg>
<arg>Backpack</arg>
<doc>Verifies that element ``locator`` contains text ``expected``.</doc>
<status status="PASS" start="2025-01-07T14:43:24.707127" elapsed="0.012855"/>
</kw>
<kw name="Click Button" owner="SeleniumLibrary">
<msg time="2025-01-07T14:43:24.720681" level="INFO">Clicking button 'id:add-to-cart-sauce-labs-backpack'.</msg>
<arg>id:add-to-cart-sauce-labs-backpack</arg>
<doc>Clicks the button identified by ``locator``.</doc>
<status status="PASS" start="2025-01-07T14:43:24.720389" elapsed="0.032392"/>
</kw>
<kw name="Element Should Contain" owner="SeleniumLibrary">
<msg time="2025-01-07T14:43:24.764295" level="INFO">Element 'id:inventory_container' contains text 'T-Shirt'.</msg>
<arg>id:inventory_container</arg>
<arg>T-Shirt</arg>
<doc>Verifies that element ``locator`` contains text ``expected``.</doc>
<status status="PASS" start="2025-01-07T14:43:24.753130" elapsed="0.011353"/>
</kw>
<kw name="Click Button" owner="SeleniumLibrary">
<msg time="2025-01-07T14:43:24.765089" level="INFO">Clicking button 'id:add-to-cart-sauce-labs-bolt-t-shirt'.</msg>
<arg>id:add-to-cart-sauce-labs-bolt-t-shirt</arg>
<doc>Clicks the button identified by ``locator``.</doc>
<status status="PASS" start="2025-01-07T14:43:24.764797" elapsed="0.030017"/>
</kw>
<kw name="Click Button" owner="SeleniumLibrary">
<msg time="2025-01-07T14:43:24.795238" level="INFO">Clicking button 'id:add-to-cart-test.allthethings()-t-shirt-(red)'.</msg>
<arg>id:add-to-cart-test.allthethings()-t-shirt-(red)</arg>
<doc>Clicks the button identified by ``locator``.</doc>
<status status="PASS" start="2025-01-07T14:43:24.795027" elapsed="0.030438"/>
</kw>
<kw name="Element Should Not Contain" owner="SeleniumLibrary">
<msg time="2025-01-07T14:43:24.835692" level="INFO">Element 'id:inventory_container' does not contain text 'flashlight'.</msg>
<arg>id:inventory_container</arg>
<arg>flashlight</arg>
<doc>Verifies that element ``locator`` does not contain text ``expected``.</doc>
<status status="PASS" start="2025-01-07T14:43:24.825722" elapsed="0.010099"/>
</kw>
<kw name="Click Element" owner="SeleniumLibrary">
<msg time="2025-01-07T14:43:24.836465" level="INFO">Clicking element 'class:shopping_cart_link'.</msg>
<arg>class:shopping_cart_link</arg>
<doc>Click the element identified by ``locator``.</doc>
<status status="PASS" start="2025-01-07T14:43:24.836081" elapsed="0.027195"/>
</kw>
<kw name="Set Variable" owner="BuiltIn">
<msg time="2025-01-07T14:43:24.863697" level="INFO">${your_cart_page_url} = https://www.saucedemo.com/cart.html</msg>
<var>${your_cart_page_url}</var>
<arg>https://www.saucedemo.com/cart.html</arg>
<doc>Returns the given values which can then be assigned to a variables.</doc>
<status status="PASS" start="2025-01-07T14:43:24.863495" elapsed="0.000283"/>
</kw>
<kw name="Verify Page">
<kw name="Get Location" owner="SeleniumLibrary">
<msg time="2025-01-07T14:43:24.866228" level="INFO">${current_url} = https://www.saucedemo.com/cart.html</msg>
<var>${current_url}</var>
<doc>Returns the current browser window URL.</doc>
<status status="PASS" start="2025-01-07T14:43:24.864366" elapsed="0.001932"/>
</kw>
<kw name="Should Be Equal" owner="BuiltIn">
<arg>${current_url}</arg>
<arg>${expected_url}</arg>
<doc>Fails if the given objects are unequal.</doc>
<status status="PASS" start="2025-01-07T14:43:24.866402" elapsed="0.000177"/>
</kw>
<msg time="2025-01-07T14:43:24.866663" level="INFO">${expected_url} = None</msg>
<var>${expected_url}</var>
<arg>${your_cart_page_url}</arg>
<status status="PASS" start="2025-01-07T14:43:24.864022" elapsed="0.002688"/>
</kw>
<kw name="Element Should Be Visible" owner="SeleniumLibrary">
<msg time="2025-01-07T14:43:24.875828" level="INFO">Element 'class:header_secondary_container' is displayed.</msg>
<arg>class:header_secondary_container</arg>
<doc>Verifies that the element identified by ``locator`` is visible.</doc>
<status status="PASS" start="2025-01-07T14:43:24.867018" elapsed="0.008944"/>
</kw>
<kw name="Element Should Contain" owner="SeleniumLibrary">
<msg time="2025-01-07T14:43:24.883368" level="INFO">Element 'class:header_secondary_container' contains text 'Your Cart'.</msg>
<arg>class:header_secondary_container</arg>
<arg>Your Cart</arg>
<doc>Verifies that element ``locator`` contains text ``expected``.</doc>
<status status="PASS" start="2025-01-07T14:43:24.876635" elapsed="0.006841"/>
</kw>
<kw name="Element Should Contain" owner="SeleniumLibrary">
<msg time="2025-01-07T14:43:24.892953" level="INFO">Element 'class:cart_list' contains text 'Backpack'.</msg>
<arg>class:cart_list</arg>
<arg>Backpack</arg>
<doc>Verifies that element ``locator`` contains text ``expected``.</doc>
<status status="PASS" start="2025-01-07T14:43:24.883697" elapsed="0.009407"/>
</kw>
<kw name="Element Should Contain" owner="SeleniumLibrary">
<msg time="2025-01-07T14:43:24.900833" level="INFO">Element 'class:cart_list' contains text 'T-Shirt'.</msg>
<arg>class:cart_list</arg>
<arg>T-Shirt</arg>
<doc>Verifies that element ``locator`` contains text ``expected``.</doc>
<status status="PASS" start="2025-01-07T14:43:24.893345" elapsed="0.007579"/>
</kw>
<kw name="Element Should Contain" owner="SeleniumLibrary">
<msg time="2025-01-07T14:43:24.908560" level="INFO">Element 'class:cart_list' contains text 'T-Shirt (Red)'.</msg>
<arg>class:cart_list</arg>
<arg>T-Shirt (Red)</arg>
<doc>Verifies that element ``locator`` contains text ``expected``.</doc>
<status status="PASS" start="2025-01-07T14:43:24.901119" elapsed="0.007617"/>
</kw>
<kw name="Click Button" owner="SeleniumLibrary">
<msg time="2025-01-07T14:43:24.909192" level="INFO">Clicking button 'id:remove-sauce-labs-backpack'.</msg>
<arg>id:remove-sauce-labs-backpack</arg>
<doc>Clicks the button identified by ``locator``.</doc>
<status status="PASS" start="2025-01-07T14:43:24.908935" elapsed="0.029963"/>
</kw>
<kw name="Element Should Not Contain" owner="SeleniumLibrary">
<msg time="2025-01-07T14:43:24.946488" level="INFO">Element 'class:cart_list' does not contain text 'Backpack'.</msg>
<arg>class:cart_list</arg>
<arg>Backpack</arg>
<doc>Verifies that element ``locator`` does not contain text ``expected``.</doc>
<status status="PASS" start="2025-01-07T14:43:24.939122" elapsed="0.007498"/>
</kw>
<kw name="Element Should Contain" owner="SeleniumLibrary">
<msg time="2025-01-07T14:43:24.954013" level="INFO">Element 'class:cart_list' contains text 'T-Shirt'.</msg>
<arg>class:cart_list</arg>
<arg>T-Shirt</arg>
<doc>Verifies that element ``locator`` contains text ``expected``.</doc>
<status status="PASS" start="2025-01-07T14:43:24.946878" elapsed="0.007265"/>
</kw>
<kw name="Element Should Contain" owner="SeleniumLibrary">
<msg time="2025-01-07T14:43:24.961847" level="INFO">Element 'class:cart_list' contains text 'T-Shirt (Red)'.</msg>
<arg>class:cart_list</arg>
<arg>T-Shirt (Red)</arg>
<doc>Verifies that element ``locator`` contains text ``expected``.</doc>
<status status="PASS" start="2025-01-07T14:43:24.954335" elapsed="0.007635"/>
</kw>
<kw name="Click Button" owner="SeleniumLibrary">
<msg time="2025-01-07T14:43:24.962496" level="INFO">Clicking button 'id:checkout'.</msg>
<arg>id:checkout</arg>
<doc>Clicks the button identified by ``locator``.</doc>
<status status="PASS" start="2025-01-07T14:43:24.962273" elapsed="0.035162"/>
</kw>
<kw name="Set Variable" owner="BuiltIn">
<msg time="2025-01-07T14:43:24.998016" level="INFO">${checkout_your_information_page_url} = https://www.saucedemo.com/checkout-step-one.html</msg>
<var>${checkout_your_information_page_url}</var>
<arg>https://www.saucedemo.com/checkout-step-one.html</arg>
<doc>Returns the given values which can then be assigned to a variables.</doc>
<status status="PASS" start="2025-01-07T14:43:24.997753" elapsed="0.000359"/>
</kw>
<kw name="Verify Page">
<kw name="Get Location" owner="SeleniumLibrary">
<msg time="2025-01-07T14:43:25.000760" level="INFO">${current_url} = https://www.saucedemo.com/checkout-step-one.html</msg>
<var>${current_url}</var>
<doc>Returns the current browser window URL.</doc>
<status status="PASS" start="2025-01-07T14:43:24.998759" elapsed="0.002074"/>
</kw>
<kw name="Should Be Equal" owner="BuiltIn">
<arg>${current_url}</arg>
<arg>${expected_url}</arg>
<doc>Fails if the given objects are unequal.</doc>
<status status="PASS" start="2025-01-07T14:43:25.000934" elapsed="0.000178"/>
</kw>
<msg time="2025-01-07T14:43:25.001194" level="INFO">${expected_url} = None</msg>
<var>${expected_url}</var>
<arg>${checkout_your_information_page_url}</arg>
<status status="PASS" start="2025-01-07T14:43:24.998384" elapsed="0.002858"/>
</kw>
<kw name="Element Should Be Visible" owner="SeleniumLibrary">
<msg time="2025-01-07T14:43:25.007096" level="INFO">Element 'class:header_secondary_container' is displayed.</msg>
<arg>class:header_secondary_container</arg>
<doc>Verifies that the element identified by ``locator`` is visible.</doc>
<status status="PASS" start="2025-01-07T14:43:25.001434" elapsed="0.005753"/>
</kw>
<kw name="Element Should Contain" owner="SeleniumLibrary">
<msg time="2025-01-07T14:43:25.014112" level="INFO">Element 'class:header_secondary_container' contains text 'Checkout: Your Information'.</msg>
<arg>class:header_secondary_container</arg>
<arg>Checkout: Your Information</arg>
<doc>Verifies that element ``locator`` contains text ``expected``.</doc>
<status status="PASS" start="2025-01-07T14:43:25.007460" elapsed="0.006757"/>
</kw>
<kw name="Input Text" owner="SeleniumLibrary">
<msg time="2025-01-07T14:43:25.014600" level="INFO">Typing text 'Linda' into text field 'id:first-name'.</msg>
<arg>id:first-name</arg>
<arg>Linda</arg>
<doc>Types the given ``text`` into the text field identified by ``locator``.</doc>
<status status="PASS" start="2025-01-07T14:43:25.014383" elapsed="0.032123"/>
</kw>
<kw name="Input Text" owner="SeleniumLibrary">
<msg time="2025-01-07T14:43:25.046949" level="INFO">Typing text 'Sonna' into text field 'id:last-name'.</msg>
<arg>id:last-name</arg>
<arg>Sonna</arg>
<doc>Types the given ``text`` into the text field identified by ``locator``.</doc>
<status status="PASS" start="2025-01-07T14:43:25.046735" elapsed="0.032029"/>
</kw>
<kw name="Input Text" owner="SeleniumLibrary">
<msg time="2025-01-07T14:43:25.079202" level="INFO">Typing text '11120' into text field 'id:postal-code'.</msg>
<arg>id:postal-code</arg>
<arg>11120</arg>
<doc>Types the given ``text`` into the text field identified by ``locator``.</doc>
<status status="PASS" start="2025-01-07T14:43:25.079003" elapsed="0.036786"/>
</kw>
<kw name="Click Button" owner="SeleniumLibrary">
<msg time="2025-01-07T14:43:25.116250" level="INFO">Clicking button 'id:continue'.</msg>
<arg>id:continue</arg>
<doc>Clicks the button identified by ``locator``.</doc>
<status status="PASS" start="2025-01-07T14:43:25.116023" elapsed="0.034205"/>
</kw>
<kw name="Set Variable" owner="BuiltIn">
<msg time="2025-01-07T14:43:25.151034" level="INFO">${checkout_overview_page_ur} = https://www.saucedemo.com/checkout-step-two.html</msg>
<var>${checkout_overview_page_ur}</var>
<arg>https://www.saucedemo.com/checkout-step-two.html</arg>
<doc>Returns the given values which can then be assigned to a variables.</doc>
<status status="PASS" start="2025-01-07T14:43:25.150738" elapsed="0.000396"/>
</kw>
<kw name="Verify Page">
<kw name="Get Location" owner="SeleniumLibrary">
<msg time="2025-01-07T14:43:25.153621" level="INFO">${current_url} = https://www.saucedemo.com/checkout-step-two.html</msg>
<var>${current_url}</var>
<doc>Returns the current browser window URL.</doc>
<status status="PASS" start="2025-01-07T14:43:25.151808" elapsed="0.001883"/>
</kw>
<kw name="Should Be Equal" owner="BuiltIn">
<arg>${current_url}</arg>
<arg>${expected_url}</arg>
<doc>Fails if the given objects are unequal.</doc>
<status status="PASS" start="2025-01-07T14:43:25.153795" elapsed="0.000218"/>
</kw>
<msg time="2025-01-07T14:43:25.154101" level="INFO">${expected_url} = None</msg>
<var>${expected_url}</var>
<arg>${checkout_overview_page_ur}</arg>
<status status="PASS" start="2025-01-07T14:43:25.151337" elapsed="0.002811"/>
</kw>
<kw name="Element Should Contain" owner="SeleniumLibrary">
<msg time="2025-01-07T14:43:25.160551" level="INFO">Element 'class:header_secondary_container' contains text 'Checkout: Overview'.</msg>
<arg>class:header_secondary_container</arg>
<arg>Checkout: Overview</arg>
<doc>Verifies that element ``locator`` contains text ``expected``.</doc>
<status status="PASS" start="2025-01-07T14:43:25.154384" elapsed="0.006358"/>
</kw>
<kw name="Element Should Contain" owner="SeleniumLibrary">
<msg time="2025-01-07T14:43:25.168844" level="INFO">Element 'data:test:payment-info-label' contains text 'Payment Information:'.</msg>
<arg>data:test:payment-info-label</arg>
<arg>Payment Information:</arg>
<doc>Verifies that element ``locator`` contains text ``expected``.</doc>
<status status="PASS" start="2025-01-07T14:43:25.160924" elapsed="0.008020"/>
</kw>
<kw name="Element Should Contain" owner="SeleniumLibrary">
<msg time="2025-01-07T14:43:25.177004" level="INFO">Element 'data:test:shipping-info-label' contains text 'Shipping Information:'.</msg>
<arg>data:test:shipping-info-label</arg>
<arg>Shipping Information:</arg>
<doc>Verifies that element ``locator`` contains text ``expected``.</doc>
<status status="PASS" start="2025-01-07T14:43:25.169153" elapsed="0.007968"/>
</kw>
<kw name="Element Should Contain" owner="SeleniumLibrary">
<msg time="2025-01-07T14:43:25.184319" level="INFO">Element 'class:cart_list' contains text 'T-Shirt'.</msg>
<arg>class:cart_list</arg>
<arg>T-Shirt</arg>
<doc>Verifies that element ``locator`` contains text ``expected``.</doc>
<status status="PASS" start="2025-01-07T14:43:25.177302" elapsed="0.007129"/>
</kw>
<kw name="Element Should Contain" owner="SeleniumLibrary">
<msg time="2025-01-07T14:43:25.191963" level="INFO">Element 'class:cart_list' contains text 'T-Shirt (Red)'.</msg>
<arg>class:cart_list</arg>
<arg>T-Shirt (Red)</arg>
<doc>Verifies that element ``locator`` contains text ``expected``.</doc>
<status status="PASS" start="2025-01-07T14:43:25.184704" elapsed="0.007359"/>
</kw>
<kw name="Get Text" owner="SeleniumLibrary">
<msg time="2025-01-07T14:43:25.201145" level="INFO">${price_text} = Item total: $31.98</msg>
<var>${price_text}</var>
<arg>data:test:subtotal-label</arg>
<doc>Returns the text value of the element identified by ``locator``.</doc>
<status status="PASS" start="2025-01-07T14:43:25.192214" elapsed="0.009005"/>
</kw>
<kw name="Convert Price To Float">
<kw name="Remove String" owner="String">
<msg time="2025-01-07T14:43:25.201992" level="INFO">${price} = 31.98</msg>
<var>${price}</var>
<arg>${price_text}</arg>
<arg>Item total: $</arg>
<doc>Removes all ``removables`` from the given ``string``.</doc>
<status status="PASS" start="2025-01-07T14:43:25.201792" elapsed="0.000255"/>
</kw>
<kw name="Convert To Number" owner="BuiltIn">
<msg time="2025-01-07T14:43:25.202317" level="INFO">${price} = 31.98</msg>
<var>${price}</var>
<arg>${price}</arg>
<doc>Converts the given item to a floating point number.</doc>
<status status="PASS" start="2025-01-07T14:43:25.202151" elapsed="0.000214"/>
</kw>
<return>
<value>${price}</value>
<status status="PASS" start="2025-01-07T14:43:25.202430" elapsed="0.000069"/>
</return>
<msg time="2025-01-07T14:43:25.202580" level="INFO">${price} = 31.98</msg>
<var>${price}</var>
<arg>${price_text}</arg>
<status status="PASS" start="2025-01-07T14:43:25.201467" elapsed="0.001163"/>
</kw>
<kw name="Calculate Tax">
<kw name="Evaluate" owner="BuiltIn">
<msg time="2025-01-07T14:43:25.203203" level="INFO">${tax} = 2.56</msg>
<var>${tax}</var>
<arg>round(${price} * ${TAX_RATE},2)</arg>
<doc>Evaluates the given expression in Python and returns the result.</doc>
<status status="PASS" start="2025-01-07T14:43:25.203009" elapsed="0.000244"/>
</kw>
<return>
<value>${tax}</value>
<status status="PASS" start="2025-01-07T14:43:25.203311" elapsed="0.000043"/>
</return>
<msg time="2025-01-07T14:43:25.203431" level="INFO">${tax} = 2.56</msg>
<var>${tax}</var>
<arg>${price}</arg>
<status status="PASS" start="2025-01-07T14:43:25.202824" elapsed="0.000650"/>
</kw>
<kw name="Calculate Total">
<kw name="Evaluate" owner="BuiltIn">
<msg time="2025-01-07T14:43:25.204652" level="INFO">${total} = 34.54</msg>
<var>${total}</var>
<arg>${price} + ${tax}</arg>
<doc>Evaluates the given expression in Python and returns the result.</doc>
<status status="PASS" start="2025-01-07T14:43:25.203885" elapsed="0.000832"/>
</kw>
<return>
<value>${total}</value>
<status status="PASS" start="2025-01-07T14:43:25.204792" elapsed="0.000059"/>
</return>
<msg time="2025-01-07T14:43:25.204934" level="INFO">${total} = 34.54</msg>
<var>${total}</var>
<arg>${price}</arg>
<arg>${tax}</arg>
<status status="PASS" start="2025-01-07T14:43:25.203662" elapsed="0.001322"/>
</kw>
<kw name="Set Expected Text">
<kw name="Set Variable" owner="BuiltIn">
<msg time="2025-01-07T14:43:25.205495" level="INFO">${expected_text} = Total: $34.54</msg>
<var>${expected_text}</var>
<arg>Total: $${total}</arg>
<doc>Returns the given values which can then be assigned to a variables.</doc>
<status status="PASS" start="2025-01-07T14:43:25.205359" elapsed="0.000185"/>
</kw>
<return>
<value>${expected_text}</value>
<status status="PASS" start="2025-01-07T14:43:25.205604" elapsed="0.000048"/>
</return>
<msg time="2025-01-07T14:43:25.205732" level="INFO">${expected_text} = Total: $34.54</msg>
<var>${expected_text}</var>
<arg>${total}</arg>
<status status="PASS" start="2025-01-07T14:43:25.205174" elapsed="0.000602"/>
</kw>
<kw name="Get Text" owner="SeleniumLibrary">
<msg time="2025-01-07T14:43:25.214065" level="INFO">${total_tent} = Total: $34.54</msg>
<var>${total_tent}</var>
<arg>data:test:total-label</arg>
<doc>Returns the text value of the element identified by ``locator``.</doc>
<status status="PASS" start="2025-01-07T14:43:25.205980" elapsed="0.008163"/>
</kw>
<kw name="Should Be Equal As Strings" owner="BuiltIn">
<arg>${expected_text}</arg>
<arg>${total_tent}</arg>
<doc>Fails if objects are unequal after converting them to strings.</doc>
<status status="PASS" start="2025-01-07T14:43:25.214351" elapsed="0.000262"/>
</kw>
<kw name="Click Button" owner="SeleniumLibrary">
<msg time="2025-01-07T14:43:25.215028" level="INFO">Clicking button 'id:finish'.</msg>
<arg>id:finish</arg>
<doc>Clicks the button identified by ``locator``.</doc>
<status status="PASS" start="2025-01-07T14:43:25.214884" elapsed="0.031264"/>
</kw>
<kw name="Set Variable" owner="BuiltIn">
<msg time="2025-01-07T14:43:25.246694" level="INFO">${checkout_complete_page_ur} = https://www.saucedemo.com/checkout-complete.html</msg>
<var>${checkout_complete_page_ur}</var>
<arg>https://www.saucedemo.com/checkout-complete.html</arg>
<doc>Returns the given values which can then be assigned to a variables.</doc>
<status status="PASS" start="2025-01-07T14:43:25.246443" elapsed="0.000349"/>
</kw>
<kw name="Verify Page">
<kw name="Get Location" owner="SeleniumLibrary">
<msg time="2025-01-07T14:43:25.250305" level="INFO">${current_url} = https://www.saucedemo.com/checkout-complete.html</msg>
<var>${current_url}</var>
<doc>Returns the current browser window URL.</doc>
<status status="PASS" start="2025-01-07T14:43:25.247482" elapsed="0.002898"/>
</kw>
<kw name="Should Be Equal" owner="BuiltIn">
<arg>${current_url}</arg>
<arg>${expected_url}</arg>
<doc>Fails if the given objects are unequal.</doc>
<status status="PASS" start="2025-01-07T14:43:25.250487" elapsed="0.000229"/>
</kw>
<msg time="2025-01-07T14:43:25.250802" level="INFO">${expected_url} = None</msg>
<var>${expected_url}</var>
<arg>${checkout_complete_page_ur}</arg>
<status status="PASS" start="2025-01-07T14:43:25.247049" elapsed="0.003803"/>
</kw>
<kw name="Element Should Contain" owner="SeleniumLibrary">
<msg time="2025-01-07T14:43:25.259286" level="INFO">Element 'data:test:title' contains text 'Checkout: Complete!'.</msg>
<arg>data:test:title</arg>
<arg>Checkout: Complete!</arg>
<doc>Verifies that element ``locator`` contains text ``expected``.</doc>
<status status="PASS" start="2025-01-07T14:43:25.251199" elapsed="0.008206"/>
</kw>
<kw name="Element Should Be Visible" owner="SeleniumLibrary">
<msg time="2025-01-07T14:43:25.267014" level="INFO">Element 'data:test:checkout-complete-container' is displayed.</msg>
<arg>data:test:checkout-complete-container</arg>
<doc>Verifies that the element identified by ``locator`` is visible.</doc>
<status status="PASS" start="2025-01-07T14:43:25.259868" elapsed="0.007237"/>
</kw>
<kw name="Element Should Contain" owner="SeleniumLibrary">
<msg time="2025-01-07T14:43:25.275086" level="INFO">Element 'data:test:complete-header' contains text 'Thank you for your order!'.</msg>
<arg>data:test:complete-header</arg>
<arg>Thank you for your order!</arg>
<doc>Verifies that element ``locator`` contains text ``expected``.</doc>
<status status="PASS" start="2025-01-07T14:43:25.267374" elapsed="0.007817"/>
</kw>
<kw name="Close Browser" owner="SeleniumLibrary" type="TEARDOWN">
<doc>Closes the current browser.</doc>
<status status="PASS" start="2025-01-07T14:43:25.275426" elapsed="0.069761"/>
</kw>
<status status="PASS" start="2025-01-07T14:43:23.391926" elapsed="1.953436"/>
</test>
<status status="PASS" start="2025-01-07T14:43:23.332339" elapsed="2.013625"/>
</suite>
<status status="PASS" start="2025-01-07T14:43:23.331382" elapsed="2.015218"/>
</suite>
<status status="PASS" start="2025-01-07T14:43:23.321000" elapsed="2.026150"/>
</suite>
<statistics>
<total>
<stat pass="1" fail="0" skip="0">All Tests</stat>
</total>
<tag>
</tag>
<suite>
<stat pass="1" fail="0" skip="0" id="s1" name="Saucedemo-Robot">Saucedemo-Robot</stat>
<stat pass="1" fail="0" skip="0" id="s1-s1" name="Testcases">Saucedemo-Robot.Testcases</stat>
<stat pass="1" fail="0" skip="0" id="s1-s1-s1" name="Create Order Success">Saucedemo-Robot.Testcases.Create Order Success</stat>
</suite>
</statistics>
<errors>
</errors>
</robot>
